<?xml version="1.0" encoding="UTF-8"?>
<!-- Generated by org.testng.reporters.JUnitReportReporter -->
<testsuite hostname="LT-Omar-Abo-Samrah" failures="0" tests="1" name="tests.userRegeisterationWithDDTFileJson" time="1.757" errors="0" timestamp="04 Aug 2022 01:11:55 GMT" skipped="0">
  <testcase classname="tests.userRegeisterationWithDDTFileJson" name="userCanRegisterSuccessfully" time="1.757"/>
</testsuite> <!-- tests.userRegeisterationWithDDTFileJson -->
