<?xml version="1.0" encoding="UTF-8"?>
<!-- Generated by org.testng.reporters.JUnitReportReporter -->
<testsuite hostname="LT-Omar-Abo-Samrah" failures="0" tests="1" name="tests.SignUp" time="13.465" errors="0" timestamp="04 Aug 2022 01:07:14 GMT" skipped="0">
  <testcase classname="tests.SignUp" name="userCanRegisterSuccessfully" time="13.465"/>
</testsuite> <!-- tests.SignUp -->
